<?xml version="1.0" encoding="UTF-8"?>
<testsuite xmlns:xsi="http://www.w3.org/2001/XMLSchema-instance" xsi:noNamespaceSchemaLocation="https://maven.apache.org/surefire/maven-surefire-plugin/xsd/surefire-test-report-3.0.xsd" version="3.0" name="com.caffeine.component.CaffeineCacheComponentTest" time="0.032" tests="2" errors="0" skipped="0" failures="0">
  <properties>
    <property name="java.specification.version" value="24"/>
    <property name="sun.jnu.encoding" value="UTF-8"/>
    <property name="java.class.path" value="/Users/kuangjizu/Desktop/work/秋招/Caffeine/caffeine-cache-component/target/test-classes:/Users/kuangjizu/Desktop/work/秋招/Caffeine/caffeine-cache-component/target/classes:/Users/kuangjizu/.m2/repository/com/github/ben-manes/caffeine/caffeine/3.1.8/caffeine-3.1.8.jar:/Users/kuangjizu/.m2/repository/org/checkerframework/checker-qual/3.37.0/checker-qual-3.37.0.jar:/Users/kuangjizu/.m2/repository/com/google/errorprone/error_prone_annotations/2.21.1/error_prone_annotations-2.21.1.jar:/Users/kuangjizu/.m2/repository/org/ehcache/ehcache/3.10.8/ehcache-3.10.8.jar:/Users/kuangjizu/.m2/repository/javax/cache/cache-api/1.1.0/cache-api-1.1.0.jar:/Users/kuangjizu/.m2/repository/org/glassfish/jaxb/jaxb-runtime/3.0.0-M5/jaxb-runtime-3.0.0-M5.jar:/Users/kuangjizu/.m2/repository/com/sun/activation/jakarta.activation/2.0.0/jakarta.activation-2.0.0.jar:/Users/kuangjizu/.m2/repository/org/glassfish/jaxb/jaxb-core/3.0.0-M5/jaxb-core-3.0.0-M5.jar:/Users/kuangjizu/.m2/repository/jakarta/xml/bind/jakarta.xml.bind-api/3.0.0/jakarta.xml.bind-api-3.0.0.jar:/Users/kuangjizu/.m2/repository/org/glassfish/jaxb/txw2/3.0.0-M5/txw2-3.0.0-M5.jar:/Users/kuangjizu/.m2/repository/com/sun/istack/istack-commons-runtime/4.0.0/istack-commons-runtime-4.0.0.jar:/Users/kuangjizu/.m2/repository/org/mapdb/mapdb/3.0.8/mapdb-3.0.8.jar:/Users/kuangjizu/.m2/repository/org/jetbrains/kotlin/kotlin-stdlib/1.2.71/kotlin-stdlib-1.2.71.jar:/Users/kuangjizu/.m2/repository/org/jetbrains/kotlin/kotlin-stdlib-common/1.2.71/kotlin-stdlib-common-1.2.71.jar:/Users/kuangjizu/.m2/repository/org/jetbrains/annotations/13.0/annotations-13.0.jar:/Users/kuangjizu/.m2/repository/org/eclipse/collections/eclipse-collections-api/13.0.0/eclipse-collections-api-13.0.0.jar:/Users/kuangjizu/.m2/repository/org/eclipse/collections/eclipse-collections/13.0.0/eclipse-collections-13.0.0.jar:/Users/kuangjizu/.m2/repository/org/eclipse/collections/eclipse-collections-forkjoin/13.0.0/eclipse-collections-forkjoin-13.0.0.jar:/Users/kuangjizu/.m2/repository/com/google/guava/guava/33.4.8-jre/guava-33.4.8-jre.jar:/Users/kuangjizu/.m2/repository/com/google/guava/failureaccess/1.0.3/failureaccess-1.0.3.jar:/Users/kuangjizu/.m2/repository/com/google/guava/listenablefuture/9999.0-empty-to-avoid-conflict-with-guava/listenablefuture-9999.0-empty-to-avoid-conflict-with-guava.jar:/Users/kuangjizu/.m2/repository/org/jspecify/jspecify/1.0.0/jspecify-1.0.0.jar:/Users/kuangjizu/.m2/repository/com/google/j2objc/j2objc-annotations/3.0.0/j2objc-annotations-3.0.0.jar:/Users/kuangjizu/.m2/repository/net/jpountz/lz4/lz4/1.3.0/lz4-1.3.0.jar:/Users/kuangjizu/.m2/repository/org/mapdb/elsa/3.0.0-M5/elsa-3.0.0-M5.jar:/Users/kuangjizu/.m2/repository/javax/annotation/javax.annotation-api/1.3.2/javax.annotation-api-1.3.2.jar:/Users/kuangjizu/.m2/repository/org/slf4j/slf4j-api/1.7.36/slf4j-api-1.7.36.jar:/Users/kuangjizu/.m2/repository/ch/qos/logback/logback-classic/1.2.11/logback-classic-1.2.11.jar:/Users/kuangjizu/.m2/repository/ch/qos/logback/logback-core/1.2.11/logback-core-1.2.11.jar:/Users/kuangjizu/.m2/repository/junit/junit/4.13.2/junit-4.13.2.jar:/Users/kuangjizu/.m2/repository/org/hamcrest/hamcrest-core/1.3/hamcrest-core-1.3.jar:"/>
    <property name="java.vm.vendor" value="Homebrew"/>
    <property name="sun.arch.data.model" value="64"/>
    <property name="java.vendor.url" value="https://github.com/Homebrew/homebrew-core/issues"/>
    <property name="os.name" value="Mac OS X"/>
    <property name="java.vm.specification.version" value="24"/>
    <property name="sun.java.launcher" value="SUN_STANDARD"/>
    <property name="user.country" value="CN"/>
    <property name="sun.boot.library.path" value="/opt/homebrew/Cellar/openjdk/24.0.1/libexec/openjdk.jdk/Contents/Home/lib"/>
    <property name="sun.java.command" value="/Users/kuangjizu/Desktop/work/秋招/Caffeine/caffeine-cache-component/target/surefire/surefirebooter-20250803103823128_3.jar /Users/kuangjizu/Desktop/work/秋招/Caffeine/caffeine-cache-component/target/surefire 2025-08-03T10-38-23_087-jvmRun1 surefire-20250803103823128_1tmp surefire_0-20250803103823128_2tmp"/>
    <property name="jdk.debug" value="release"/>
    <property name="surefire.test.class.path" value="/Users/kuangjizu/Desktop/work/秋招/Caffeine/caffeine-cache-component/target/test-classes:/Users/kuangjizu/Desktop/work/秋招/Caffeine/caffeine-cache-component/target/classes:/Users/kuangjizu/.m2/repository/com/github/ben-manes/caffeine/caffeine/3.1.8/caffeine-3.1.8.jar:/Users/kuangjizu/.m2/repository/org/checkerframework/checker-qual/3.37.0/checker-qual-3.37.0.jar:/Users/kuangjizu/.m2/repository/com/google/errorprone/error_prone_annotations/2.21.1/error_prone_annotations-2.21.1.jar:/Users/kuangjizu/.m2/repository/org/ehcache/ehcache/3.10.8/ehcache-3.10.8.jar:/Users/kuangjizu/.m2/repository/javax/cache/cache-api/1.1.0/cache-api-1.1.0.jar:/Users/kuangjizu/.m2/repository/org/glassfish/jaxb/jaxb-runtime/3.0.0-M5/jaxb-runtime-3.0.0-M5.jar:/Users/kuangjizu/.m2/repository/com/sun/activation/jakarta.activation/2.0.0/jakarta.activation-2.0.0.jar:/Users/kuangjizu/.m2/repository/org/glassfish/jaxb/jaxb-core/3.0.0-M5/jaxb-core-3.0.0-M5.jar:/Users/kuangjizu/.m2/repository/jakarta/xml/bind/jakarta.xml.bind-api/3.0.0/jakarta.xml.bind-api-3.0.0.jar:/Users/kuangjizu/.m2/repository/org/glassfish/jaxb/txw2/3.0.0-M5/txw2-3.0.0-M5.jar:/Users/kuangjizu/.m2/repository/com/sun/istack/istack-commons-runtime/4.0.0/istack-commons-runtime-4.0.0.jar:/Users/kuangjizu/.m2/repository/org/mapdb/mapdb/3.0.8/mapdb-3.0.8.jar:/Users/kuangjizu/.m2/repository/org/jetbrains/kotlin/kotlin-stdlib/1.2.71/kotlin-stdlib-1.2.71.jar:/Users/kuangjizu/.m2/repository/org/jetbrains/kotlin/kotlin-stdlib-common/1.2.71/kotlin-stdlib-common-1.2.71.jar:/Users/kuangjizu/.m2/repository/org/jetbrains/annotations/13.0/annotations-13.0.jar:/Users/kuangjizu/.m2/repository/org/eclipse/collections/eclipse-collections-api/13.0.0/eclipse-collections-api-13.0.0.jar:/Users/kuangjizu/.m2/repository/org/eclipse/collections/eclipse-collections/13.0.0/eclipse-collections-13.0.0.jar:/Users/kuangjizu/.m2/repository/org/eclipse/collections/eclipse-collections-forkjoin/13.0.0/eclipse-collections-forkjoin-13.0.0.jar:/Users/kuangjizu/.m2/repository/com/google/guava/guava/33.4.8-jre/guava-33.4.8-jre.jar:/Users/kuangjizu/.m2/repository/com/google/guava/failureaccess/1.0.3/failureaccess-1.0.3.jar:/Users/kuangjizu/.m2/repository/com/google/guava/listenablefuture/9999.0-empty-to-avoid-conflict-with-guava/listenablefuture-9999.0-empty-to-avoid-conflict-with-guava.jar:/Users/kuangjizu/.m2/repository/org/jspecify/jspecify/1.0.0/jspecify-1.0.0.jar:/Users/kuangjizu/.m2/repository/com/google/j2objc/j2objc-annotations/3.0.0/j2objc-annotations-3.0.0.jar:/Users/kuangjizu/.m2/repository/net/jpountz/lz4/lz4/1.3.0/lz4-1.3.0.jar:/Users/kuangjizu/.m2/repository/org/mapdb/elsa/3.0.0-M5/elsa-3.0.0-M5.jar:/Users/kuangjizu/.m2/repository/javax/annotation/javax.annotation-api/1.3.2/javax.annotation-api-1.3.2.jar:/Users/kuangjizu/.m2/repository/org/slf4j/slf4j-api/1.7.36/slf4j-api-1.7.36.jar:/Users/kuangjizu/.m2/repository/ch/qos/logback/logback-classic/1.2.11/logback-classic-1.2.11.jar:/Users/kuangjizu/.m2/repository/ch/qos/logback/logback-core/1.2.11/logback-core-1.2.11.jar:/Users/kuangjizu/.m2/repository/junit/junit/4.13.2/junit-4.13.2.jar:/Users/kuangjizu/.m2/repository/org/hamcrest/hamcrest-core/1.3/hamcrest-core-1.3.jar:"/>
    <property name="sun.cpu.endian" value="little"/>
    <property name="user.home" value="/Users/kuangjizu"/>
    <property name="user.language" value="zh"/>
    <property name="java.specification.vendor" value="Oracle Corporation"/>
    <property name="java.version.date" value="2025-04-15"/>
    <property name="java.home" value="/opt/homebrew/Cellar/openjdk/24.0.1/libexec/openjdk.jdk/Contents/Home"/>
    <property name="file.separator" value="/"/>
    <property name="basedir" value="/Users/kuangjizu/Desktop/work/秋招/Caffeine/caffeine-cache-component"/>
    <property name="java.vm.compressedOopsMode" value="Zero based"/>
    <property name="line.separator" value="&#10;"/>
    <property name="java.vm.specification.vendor" value="Oracle Corporation"/>
    <property name="java.specification.name" value="Java Platform API Specification"/>
    <property name="apple.awt.application.name" value="ForkedBooter"/>
    <property name="surefire.real.class.path" value="/Users/kuangjizu/Desktop/work/秋招/Caffeine/caffeine-cache-component/target/surefire/surefirebooter-20250803103823128_3.jar"/>
    <property name="user.script" value="Hans"/>
    <property name="sun.management.compiler" value="HotSpot 64-Bit Tiered Compilers"/>
    <property name="java.runtime.version" value="24.0.1"/>
    <property name="user.name" value="kuangjizu"/>
    <property name="stdout.encoding" value="UTF-8"/>
    <property name="path.separator" value=":"/>
    <property name="os.version" value="15.1"/>
    <property name="java.runtime.name" value="OpenJDK Runtime Environment"/>
    <property name="file.encoding" value="UTF-8"/>
    <property name="java.vm.name" value="OpenJDK 64-Bit Server VM"/>
    <property name="java.vendor.version" value="Homebrew"/>
    <property name="localRepository" value="/Users/kuangjizu/.m2/repository"/>
    <property name="java.vendor.url.bug" value="https://github.com/Homebrew/homebrew-core/issues"/>
    <property name="java.io.tmpdir" value="/var/folders/pd/dfqgcl1x1tg38y9zjyx2g53h0000gn/T/"/>
    <property name="java.version" value="24.0.1"/>
    <property name="user.dir" value="/Users/kuangjizu/Desktop/work/秋招/Caffeine/caffeine-cache-component"/>
    <property name="os.arch" value="aarch64"/>
    <property name="java.vm.specification.name" value="Java Virtual Machine Specification"/>
    <property name="native.encoding" value="UTF-8"/>
    <property name="java.library.path" value="/Users/kuangjizu/Library/Java/Extensions:/Library/Java/Extensions:/Network/Library/Java/Extensions:/System/Library/Java/Extensions:/usr/lib/java:."/>
    <property name="java.vm.info" value="mixed mode, sharing"/>
    <property name="stderr.encoding" value="UTF-8"/>
    <property name="java.vendor" value="Homebrew"/>
    <property name="java.vm.version" value="24.0.1"/>
    <property name="sun.io.unicode.encoding" value="UnicodeBig"/>
    <property name="java.class.version" value="68.0"/>
  </properties>
  <testcase name="testCacheBasicOperations" classname="com.caffeine.component.CaffeineCacheComponentTest" time="0.021">
    <system-out><![CDATA[缓存管理器初始化成功
]]></system-out>
  </testcase>
  <testcase name="testConfigUpdate" classname="com.caffeine.component.CaffeineCacheComponentTest" time="0.002">
    <system-out><![CDATA[缓存管理器初始化成功
]]></system-out>
  </testcase>
</testsuite>